<?xml version="1.0" encoding="UTF-8"?>
<!-- Generated by org.testng.reporters.JUnitReportReporter -->
<testsuite hostname="QA-021746" name="testngpackage.VerifyLinks" tests="2" failures="0" timestamp="1 Oct 2015 17:16:11 GMT" time="1.583" errors="0">
  <testcase name="support" time="0.772" classname="testngpackage.VerifyLinks"/>
  <testcase name="register" time="0.811" classname="testngpackage.VerifyLinks"/>
</testsuite> <!-- testngpackage.VerifyLinks -->
