<?xml version="1.0" encoding="UTF-8"?>
<!-- Generated by org.testng.reporters.JUnitReportReporter -->
<testsuite hostname="QA-021746" name="testngpackage.ParameterByDataprovider" tests="3" failures="0" timestamp="6 Oct 2015 22:28:57 GMT" time="9.598" errors="0">
  <testcase name="testMethod" time="3.334" classname="testngpackage.ParameterByDataprovider"/>
  <testcase name="testMethod" time="3.117" classname="testngpackage.ParameterByDataprovider"/>
  <testcase name="testMethod" time="3.147" classname="testngpackage.ParameterByDataprovider"/>
</testsuite> <!-- testngpackage.ParameterByDataprovider -->
