<?xml version="1.0" encoding="UTF-8"?>
<!-- Generated by org.testng.reporters.JUnitReportReporter -->
<testsuite hostname="QA-021746" name="testngpackage.CrossBrowserScript" tests="2" failures="0" timestamp="9 Oct 2015 19:55:11 GMT" time="62.355" errors="0">
  <testcase name="testParameterWithXML" time="61.628" classname="testngpackage.CrossBrowserScript"/>
  <testcase name="testParameterWithXML" time="0.727" classname="testngpackage.CrossBrowserScript"/>
</testsuite> <!-- testngpackage.CrossBrowserScript -->
